<?xml version="1.0" encoding="UTF-8"?>
<!-- Generated by org.testng.reporters.JUnitReportReporter -->
<testsuite skipped="0" hostname="DESKTOP-D7DSST7" name="com.actitime.testscripts.Demo2" tests="1" failures="0" timestamp="2023-03-14T13:23:12 IST" time="0.008" errors="0">
  <testcase name="demo" time="0.008" classname="com.actitime.testscripts.Demo2"/>
  <system-out>
    <![CDATA[demo]]>
  </system-out>
</testsuite> <!-- com.actitime.testscripts.Demo2 -->
