<?xml version="1.0" encoding="UTF-8"?>
<!-- Generated by org.testng.reporters.JUnitReportReporter -->
<testsuite skipped="0" hostname="DESKTOP-D7DSST7" name="com.actitime.testscripts.DemoScreenshot" tests="1" failures="0" timestamp="2023-03-18T13:23:02 IST" time="8.684" errors="0">
  <testcase name="screenShot" time="8.684" classname="com.actitime.testscripts.DemoScreenshot"/>
  <system-out/>
</testsuite> <!-- com.actitime.testscripts.DemoScreenshot -->
