<?xml version="1.0" encoding="UTF-8"?>
<!-- Generated by org.testng.reporters.JUnitReportReporter -->
<testsuite skipped="0" hostname="DESKTOP-D7DSST7" name="com.actitime.testscripts.DemoAssertion" tests="1" failures="0" timestamp="2023-03-14T13:16:27 IST" time="3.283" errors="0">
  <testcase name="demoAssertion" time="3.283" classname="com.actitime.testscripts.DemoAssertion"/>
  <system-out/>
</testsuite> <!-- com.actitime.testscripts.DemoAssertion -->
