<?xml version="1.0" encoding="UTF-8"?>
<!-- Generated by org.testng.reporters.JUnitReportReporter -->
<testsuite skipped="0" hostname="DESKTOP-D7DSST7" name="com.actitime.POM.TestMethodClass" tests="1" failures="0" timestamp="2023-03-26T23:14:29 IST" time="8.378" errors="0">
  <testcase name="loginPagePOM" time="8.378" classname="com.actitime.POM.TestMethodClass"/>
  <system-out/>
</testsuite> <!-- com.actitime.POM.TestMethodClass -->
