<?xml version="1.0" encoding="UTF-8"?>
<!-- Generated by org.testng.reporters.JUnitReportReporter -->
<testsuite skipped="0" hostname="DESKTOP-D7DSST7" name="com.actitime.testscripts.ScreenShotExm3" tests="1" failures="0" timestamp="2023-03-27T11:47:19 IST" time="0.009" errors="0">
  <testcase name="taskPage" time="0.009" classname="com.actitime.testscripts.ScreenShotExm3"/>
  <system-out>
    <![CDATA[task page]]>
  </system-out>
</testsuite> <!-- com.actitime.testscripts.ScreenShotExm3 -->
