<?xml version="1.0" encoding="UTF-8"?>
<!-- Generated by org.testng.reporters.JUnitReportReporter -->
<testsuite skipped="0" hostname="DESKTOP-D7DSST7" name="com.actitime.testscripts.ATProjectModule" tests="1" failures="0" timestamp="2023-04-08T17:12:27 IST" time="14.861" errors="0">
  <testcase name="testCreateProject" time="14.861" classname="com.actitime.testscripts.ATProjectModule"/>
  <system-out/>
</testsuite> <!-- com.actitime.testscripts.ATProjectModule -->
