<?xml version="1.0" encoding="UTF-8"?>
<!-- Generated by org.testng.reporters.JUnitReportReporter -->
<testsuite skipped="0" hostname="DESKTOP-D7DSST7" name="com.actitime.testscripts.DemoTest" tests="1" failures="0" timestamp="2023-03-14T13:16:27 IST" time="0.004" errors="0">
  <testcase name="demo" time="0.004" classname="com.actitime.testscripts.DemoTest"/>
  <system-out>
    <![CDATA[hii]]>
  </system-out>
</testsuite> <!-- com.actitime.testscripts.DemoTest -->
