<?xml version="1.0" encoding="UTF-8"?>
<!-- Generated by org.testng.reporters.JUnitReportReporter -->
<testsuite skipped="0" hostname="DESKTOP-D7DSST7" name="com.actitime.testscripts.promoteModule" tests="3" failures="0" timestamp="2023-03-14T13:16:27 IST" time="0.009" errors="0">
  <testcase name="addPromote" time="0.005" classname="com.actitime.testscripts.promoteModule"/>
  <system-out>
    <![CDATA[addPromote]]>
  </system-out>
  <testcase name="editPromote" time="0.003" classname="com.actitime.testscripts.promoteModule"/>
  <system-out>
    <![CDATA[editPromote]]>
  </system-out>
  <testcase name="deletetPromote" time="0.001" classname="com.actitime.testscripts.promoteModule"/>
  <system-out>
    <![CDATA[deletetPromote]]>
  </system-out>
</testsuite> <!-- com.actitime.testscripts.promoteModule -->
