<?xml version="1.0" encoding="UTF-8"?>
<!-- Generated by org.testng.reporters.JUnitReportReporter -->
<testsuite skipped="0" hostname="DESKTOP-D7DSST7" name="com.actitime.testscripts.ActiTimeLoginLogout" tests="1" failures="0" timestamp="2023-03-16T21:34:25 IST" time="13.598" errors="0">
  <testcase name="loginLogout" time="13.598" classname="com.actitime.testscripts.ActiTimeLoginLogout"/>
  <system-out>
    <![CDATA[Excecuting Test Case]]>
  </system-out>
</testsuite> <!-- com.actitime.testscripts.ActiTimeLoginLogout -->
